[debug] [2023-08-31T21:35:51.915Z] ----------------------------------------------------------------------
[debug] [2023-08-31T21:35:51.916Z] Command:       /usr/local/bin/node /usr/local/bin/firebase login
[debug] [2023-08-31T21:35:51.916Z] CLI Version:   12.0.0
[debug] [2023-08-31T21:35:51.917Z] Platform:      darwin
[debug] [2023-08-31T21:35:51.917Z] Node Version:  v18.16.0
[debug] [2023-08-31T21:35:51.917Z] Time:          Fri Sep 01 2023 05:35:51 GMT+0800 (China Standard Time)
[debug] [2023-08-31T21:35:51.917Z] ----------------------------------------------------------------------
[debug] 
[info] i  Firebase optionally collects CLI and Emulator Suite usage and error reporting information to help improve our products. Data is collected in accordance with Google's privacy policy (https://policies.google.com/privacy) and is not used to identify you.
 
[info] i  To change your data collection preference at any time, run `firebase logout` and log in again. 
[info] 
[info] Visit this URL on this device to log in:
[info] https://accounts.google.com/o/oauth2/auth?client_id=563584335869-fgrhgmd47bqnekij5i8b5pr03ho849e6.apps.googleusercontent.com&scope=email%20openid%20https%3A%2F%2Fwww.googleapis.com%2Fauth%2Fcloudplatformprojects.readonly%20https%3A%2F%2Fwww.googleapis.com%2Fauth%2Ffirebase%20https%3A%2F%2Fwww.googleapis.com%2Fauth%2Fcloud-platform&response_type=code&state=352433310&redirect_uri=http%3A%2F%2Flocalhost%3A9005
[info] 
[info] Waiting for authentication...
[debug] [2023-08-31T21:36:17.232Z] >>> [apiv2][query] POST https://accounts.google.com/o/oauth2/token [none]
[debug] [2023-08-31T21:36:17.232Z] >>> [apiv2][body] POST https://accounts.google.com/o/oauth2/token [omitted]
[debug] [2023-08-31T21:37:32.299Z] Token Fetch Error: FirebaseError: Failed to make request to https://accounts.google.com/o/oauth2/token
    at RetryOperation._fn (/usr/local/lib/node_modules/firebase-tools/lib/apiv2.js:242:31)
    at process.processTicksAndRejections (node:internal/process/task_queues:95:5)
[debug] [2023-08-31T21:37:32.307Z] >>> [apiv2][query] POST https://auth.firebase.tools/attest [none]
[debug] [2023-08-31T21:37:32.307Z] >>> [apiv2][body] POST https://auth.firebase.tools/attest {"session_id":"52cc200b-04fe-4366-8c64-55f3b6da46ec"}
[debug] [2023-08-31T21:37:32.902Z] <<< [apiv2][status] POST https://auth.firebase.tools/attest 200
[debug] [2023-08-31T21:37:32.903Z] <<< [apiv2][body] POST https://auth.firebase.tools/attest {"token":"gqgw8k3XN71Sya-2wxLo-oXdQdrpdRlpzcJkBjX0lFQ"}
[info] 
[info] To sign in to the Firebase CLI:
[info] 
[info] 1. Take note of your session ID:
[info] 
[info]    52CC2
[info] 
[info] 2. Visit the URL below on any device and follow the instructions to get your code:
[info] 
[info]    https://auth.firebase.tools/login?code_challenge=x79VPk0e3nHrR7I3xDNRtJKdDAm_3fvdrG4JjSbBdGE&session=52cc200b-04fe-4366-8c64-55f3b6da46ec&attest=gqgw8k3XN71Sya-2wxLo-oXdQdrpdRlpzcJkBjX0lFQ
[info] 
[info] 3. Paste or enter the authorization code below once you have it:
[info] 
[debug] [2023-08-31T21:38:05.252Z] ----------------------------------------------------------------------
[debug] [2023-08-31T21:38:05.252Z] Command:       /usr/local/bin/node /usr/local/bin/firebase login
[debug] [2023-08-31T21:38:05.253Z] CLI Version:   12.0.0
[debug] [2023-08-31T21:38:05.253Z] Platform:      darwin
[debug] [2023-08-31T21:38:05.253Z] Node Version:  v18.16.0
[debug] [2023-08-31T21:38:05.254Z] Time:          Fri Sep 01 2023 05:38:05 GMT+0800 (China Standard Time)
[debug] [2023-08-31T21:38:05.255Z] ----------------------------------------------------------------------
[debug] 
[info] i  Firebase optionally collects CLI and Emulator Suite usage and error reporting information to help improve our products. Data is collected in accordance with Google's privacy policy (https://policies.google.com/privacy) and is not used to identify you.
 
[info] i  To change your data collection preference at any time, run `firebase logout` and log in again. 
[info] 
[info] Visit this URL on this device to log in:
[info] https://accounts.google.com/o/oauth2/auth?client_id=563584335869-fgrhgmd47bqnekij5i8b5pr03ho849e6.apps.googleusercontent.com&scope=email%20openid%20https%3A%2F%2Fwww.googleapis.com%2Fauth%2Fcloudplatformprojects.readonly%20https%3A%2F%2Fwww.googleapis.com%2Fauth%2Ffirebase%20https%3A%2F%2Fwww.googleapis.com%2Fauth%2Fcloud-platform&response_type=code&state=121169214&redirect_uri=http%3A%2F%2Flocalhost%3A9005
[info] 
[info] Waiting for authentication...
[debug] [2023-08-31T21:38:23.846Z] >>> [apiv2][query] POST https://accounts.google.com/o/oauth2/token [none]
[debug] [2023-08-31T21:38:23.847Z] >>> [apiv2][body] POST https://accounts.google.com/o/oauth2/token [omitted]
[debug] [2023-08-31T21:38:47.769Z] ----------------------------------------------------------------------
[debug] [2023-08-31T21:38:47.770Z] Command:       /usr/local/bin/node /usr/local/bin/firebase login
[debug] [2023-08-31T21:38:47.770Z] CLI Version:   12.0.0
[debug] [2023-08-31T21:38:47.770Z] Platform:      darwin
[debug] [2023-08-31T21:38:47.770Z] Node Version:  v18.16.0
[debug] [2023-08-31T21:38:47.771Z] Time:          Fri Sep 01 2023 05:38:47 GMT+0800 (China Standard Time)
[debug] [2023-08-31T21:38:47.771Z] ----------------------------------------------------------------------
[debug] 
[info] i  Firebase optionally collects CLI and Emulator Suite usage and error reporting information to help improve our products. Data is collected in accordance with Google's privacy policy (https://policies.google.com/privacy) and is not used to identify you.
 
[info] 
[info] Visit this URL on this device to log in:
[info] https://accounts.google.com/o/oauth2/auth?client_id=563584335869-fgrhgmd47bqnekij5i8b5pr03ho849e6.apps.googleusercontent.com&scope=email%20openid%20https%3A%2F%2Fwww.googleapis.com%2Fauth%2Fcloudplatformprojects.readonly%20https%3A%2F%2Fwww.googleapis.com%2Fauth%2Ffirebase%20https%3A%2F%2Fwww.googleapis.com%2Fauth%2Fcloud-platform&response_type=code&state=496983173&redirect_uri=http%3A%2F%2Flocalhost%3A9006
[info] 
[info] Waiting for authentication...
[debug] [2023-08-31T21:38:55.663Z] >>> [apiv2][query] POST https://accounts.google.com/o/oauth2/token [none]
[debug] [2023-08-31T21:38:55.663Z] >>> [apiv2][body] POST https://accounts.google.com/o/oauth2/token [omitted]
[debug] [2023-08-31T21:39:38.919Z] Token Fetch Error: FirebaseError: Failed to make request to https://accounts.google.com/o/oauth2/token
    at RetryOperation._fn (/usr/local/lib/node_modules/firebase-tools/lib/apiv2.js:242:31)
    at process.processTicksAndRejections (node:internal/process/task_queues:95:5)
[debug] [2023-08-31T21:39:38.926Z] >>> [apiv2][query] POST https://auth.firebase.tools/attest [none]
[debug] [2023-08-31T21:39:38.927Z] >>> [apiv2][body] POST https://auth.firebase.tools/attest {"session_id":"9da6c895-1211-4791-947e-83d662b7c74d"}
[debug] [2023-08-31T21:39:39.391Z] <<< [apiv2][status] POST https://auth.firebase.tools/attest 200
[debug] [2023-08-31T21:39:39.391Z] <<< [apiv2][body] POST https://auth.firebase.tools/attest {"token":"5bSR4HPHzRPJodE_zfdg359wej3JgTS-Wya6O2FcB-o"}
[info] 
[info] To sign in to the Firebase CLI:
[info] 
[info] 1. Take note of your session ID:
[info] 
[info]    9DA6C
[info] 
[info] 2. Visit the URL below on any device and follow the instructions to get your code:
[info] 
[info]    https://auth.firebase.tools/login?code_challenge=fv-T56nVJNIpnyJ2_GyoHw6tv4wquESv6JHDCJ43LoQ&session=9da6c895-1211-4791-947e-83d662b7c74d&attest=5bSR4HPHzRPJodE_zfdg359wej3JgTS-Wya6O2FcB-o
[info] 
[info] 3. Paste or enter the authorization code below once you have it:
[info] 
[debug] [2023-08-31T21:57:51.273Z] ----------------------------------------------------------------------
[debug] [2023-08-31T21:57:51.274Z] Command:       /usr/local/bin/node /usr/local/bin/firebase login
[debug] [2023-08-31T21:57:51.274Z] CLI Version:   12.5.2
[debug] [2023-08-31T21:57:51.274Z] Platform:      darwin
[debug] [2023-08-31T21:57:51.274Z] Node Version:  v18.16.0
[debug] [2023-08-31T21:57:51.275Z] Time:          Fri Sep 01 2023 05:57:51 GMT+0800 (China Standard Time)
[debug] [2023-08-31T21:57:51.275Z] ----------------------------------------------------------------------
[debug] 
[info] i  Firebase optionally collects CLI and Emulator Suite usage and error reporting information to help improve our products. Data is collected in accordance with Google's privacy policy (https://policies.google.com/privacy) and is not used to identify you.
 
[info] 
[info] Visit this URL on this device to log in:
[info] https://accounts.google.com/o/oauth2/auth?client_id=563584335869-fgrhgmd47bqnekij5i8b5pr03ho849e6.apps.googleusercontent.com&scope=email%20openid%20https%3A%2F%2Fwww.googleapis.com%2Fauth%2Fcloudplatformprojects.readonly%20https%3A%2F%2Fwww.googleapis.com%2Fauth%2Ffirebase%20https%3A%2F%2Fwww.googleapis.com%2Fauth%2Fcloud-platform&response_type=code&state=236037091&redirect_uri=http%3A%2F%2Flocalhost%3A9005
[info] 
[info] Waiting for authentication...
[debug] [2023-08-31T21:58:08.539Z] >>> [apiv2][query] POST https://auth.firebase.tools/attest [none]
[debug] [2023-08-31T21:58:08.540Z] >>> [apiv2][body] POST https://auth.firebase.tools/attest {"session_id":"f79fb3d7-4222-416a-bc1d-e3c94097c491"}
[debug] [2023-08-31T21:58:09.264Z] <<< [apiv2][status] POST https://auth.firebase.tools/attest 200
[debug] [2023-08-31T21:58:09.264Z] <<< [apiv2][body] POST https://auth.firebase.tools/attest {"token":"JCAzFlSXRnI19hw9jFmDneqTW6aqN4FwB74hV8O8PzI"}
[info] 
[info] To sign in to the Firebase CLI:
[info] 
[info] 1. Take note of your session ID:
[info] 
[info]    F79FB
[info] 
[info] 2. Visit the URL below on any device and follow the instructions to get your code:
[info] 
[info]    https://auth.firebase.tools/login?code_challenge=oAWdkrKDtP_RSuy9v-rOwNkZw7XacnJMc9jqboIm4MU&session=f79fb3d7-4222-416a-bc1d-e3c94097c491&attest=JCAzFlSXRnI19hw9jFmDneqTW6aqN4FwB74hV8O8PzI
[info] 
[info] 3. Paste or enter the authorization code below once you have it:
[info] 
[debug] [2023-08-31T21:58:23.081Z] ----------------------------------------------------------------------
[debug] [2023-08-31T21:58:23.082Z] Command:       /usr/local/bin/node /usr/local/bin/firebase login
[debug] [2023-08-31T21:58:23.082Z] CLI Version:   12.5.2
[debug] [2023-08-31T21:58:23.082Z] Platform:      darwin
[debug] [2023-08-31T21:58:23.083Z] Node Version:  v18.16.0
[debug] [2023-08-31T21:58:23.083Z] Time:          Fri Sep 01 2023 05:58:23 GMT+0800 (China Standard Time)
[debug] [2023-08-31T21:58:23.083Z] ----------------------------------------------------------------------
[debug] 
[info] i  Firebase optionally collects CLI and Emulator Suite usage and error reporting information to help improve our products. Data is collected in accordance with Google's privacy policy (https://policies.google.com/privacy) and is not used to identify you.
 
[info] 
[info] Visit this URL on this device to log in:
[info] https://accounts.google.com/o/oauth2/auth?client_id=563584335869-fgrhgmd47bqnekij5i8b5pr03ho849e6.apps.googleusercontent.com&scope=email%20openid%20https%3A%2F%2Fwww.googleapis.com%2Fauth%2Fcloudplatformprojects.readonly%20https%3A%2F%2Fwww.googleapis.com%2Fauth%2Ffirebase%20https%3A%2F%2Fwww.googleapis.com%2Fauth%2Fcloud-platform&response_type=code&state=158135522&redirect_uri=http%3A%2F%2Flocalhost%3A9005
[info] 
[info] Waiting for authentication...
[debug] [2023-08-31T21:58:31.980Z] >>> [apiv2][query] POST https://accounts.google.com/o/oauth2/token [none]
[debug] [2023-08-31T21:58:31.981Z] >>> [apiv2][body] POST https://accounts.google.com/o/oauth2/token [omitted]
